21:00:35.651 INFO  Delay for 30 second(s) 
21:00:35.651 INFO  Landmine Thrusters 50 lbs for 16 second(s) 
21:00:35.652 INFO  Rest for 19 second(s) 
21:00:35.652 INFO  Hang Situps for 16 second(s) 
21:00:35.652 INFO  Rest for 19 second(s) 
21:00:35.652 INFO  Landmine Thrusters 50 lbs for 16 second(s) 
21:00:35.652 INFO  Rest for 19 second(s) 
21:00:35.652 INFO  Hang Situps for 16 second(s) 
21:00:35.652 INFO  Rest for 19 second(s) 
21:00:35.652 INFO  Landmine Thrusters 50 lbs for 16 second(s) 
21:00:35.652 INFO  Rest for 19 second(s) 
21:00:35.652 INFO  Hang Situps for 16 second(s) 
21:00:35.652 INFO  Rest for 19 second(s) 
21:00:35.652 INFO  Squat Jumps for 16 second(s) 
21:00:35.652 INFO  Rest for 19 second(s) 
21:00:35.652 INFO  Pull Ups for 16 second(s) 
21:00:35.652 INFO  Rest for 19 second(s) 
21:00:35.652 INFO  Squat Jumps for 16 second(s) 
21:00:35.652 INFO  Rest for 19 second(s) 
21:00:35.652 INFO  Pull Ups for 16 second(s) 
21:00:35.652 INFO  Rest for 19 second(s) 
21:00:35.653 INFO  Squat Jumps for 16 second(s) 
21:00:35.653 INFO  Rest for 19 second(s) 
21:00:35.653 INFO  Pull Ups for 16 second(s) 
21:00:35.653 INFO  Rest for 19 second(s) 
21:00:35.653 INFO  Box Planks for 30 second(s) 
21:00:35.653 INFO  Rest for 19 second(s) 
21:00:35.653 INFO  Push Ups for 16 second(s) 
21:00:35.653 INFO  Rest for 19 second(s) 
21:00:35.653 INFO  Box Planks for 30 second(s) 
21:00:35.653 INFO  Rest for 19 second(s) 
21:00:35.653 INFO  Push Ups for 16 second(s) 
21:00:35.653 INFO  Rest for 19 second(s) 
21:00:35.653 INFO  Box Planks for 30 second(s) 
21:00:35.654 INFO  Rest for 19 second(s) 
21:00:35.654 INFO  Push Ups for 16 second(s) 
21:00:35.654 INFO  Rest for 19 second(s) 
21:00:35.654 INFO   
