22:01:01.017 INFO  Delay for 30 second(s) 
22:01:01.017 INFO  Landmine Thrusters 60 lbs for 15 second(s) 
22:01:01.018 INFO  Rest for 20 second(s) 
22:01:01.018 INFO  Hang Situps for 15 second(s) 
22:01:01.018 INFO  Rest for 20 second(s) 
22:01:01.018 INFO  Landmine Thrusters 60 lbs for 15 second(s) 
22:01:01.018 INFO  Rest for 20 second(s) 
22:01:01.018 INFO  Hang Situps for 15 second(s) 
22:01:01.018 INFO  Rest for 20 second(s) 
22:01:01.018 INFO  Landmine Thrusters 60 lbs for 15 second(s) 
22:01:01.018 INFO  Rest for 20 second(s) 
22:01:01.018 INFO  Hang Situps for 15 second(s) 
22:01:01.018 INFO  Rest for 20 second(s) 
22:01:01.018 INFO  Squat Jumps for 15 second(s) 
22:01:01.018 INFO  Rest for 20 second(s) 
22:01:01.018 INFO  Pull Ups for 15 second(s) 
22:01:01.018 INFO  Rest for 20 second(s) 
22:01:01.018 INFO  Squat Jumps for 15 second(s) 
22:01:01.018 INFO  Rest for 20 second(s) 
22:01:01.018 INFO  Pull Ups for 15 second(s) 
22:01:01.018 INFO  Rest for 20 second(s) 
22:01:01.018 INFO  Squat Jumps for 15 second(s) 
22:01:01.018 INFO  Rest for 20 second(s) 
22:01:01.018 INFO  Pull Ups for 15 second(s) 
22:01:01.018 INFO  Rest for 20 second(s) 
22:01:01.018 INFO  Kb Swing 45 lbs for 15 second(s) 
22:01:01.018 INFO  Rest for 20 second(s) 
22:01:01.018 INFO  Push Ups for 15 second(s) 
22:01:01.018 INFO  Rest for 20 second(s) 
22:01:01.018 INFO  Kb Swing 45 lbs for 15 second(s) 
22:01:01.018 INFO  Rest for 20 second(s) 
22:01:01.018 INFO  Push Ups for 15 second(s) 
22:01:01.018 INFO  Rest for 20 second(s) 
22:01:01.018 INFO  Kb Swing 45 lbs for 15 second(s) 
22:01:01.018 INFO  Rest for 20 second(s) 
22:01:01.018 INFO  Push Ups for 15 second(s) 
22:01:01.018 INFO  Rest for 20 second(s) 
22:01:01.018 INFO   
