20:13:25.556 INFO  Delay for 30 second(s) 
20:13:25.556 INFO  Landmine Thrusters 60 lbs for 16 second(s) 
20:13:25.556 INFO  Rest for 19 second(s) 
20:13:25.556 INFO  Hang Situps for 16 second(s) 
20:13:25.556 INFO  Rest for 19 second(s) 
20:13:25.556 INFO  Landmine Thrusters 60 lbs for 16 second(s) 
20:13:25.556 INFO  Rest for 19 second(s) 
20:13:25.556 INFO  Hang Situps for 16 second(s) 
20:13:25.556 INFO  Rest for 19 second(s) 
20:13:25.556 INFO  Landmine Thrusters 60 lbs for 16 second(s) 
20:13:25.556 INFO  Rest for 19 second(s) 
20:13:25.556 INFO  Hang Situps for 16 second(s) 
20:13:25.556 INFO  Rest for 19 second(s) 
20:13:25.556 INFO  Squat Jumps for 16 second(s) 
20:13:25.556 INFO  Rest for 19 second(s) 
20:13:25.556 INFO  Pull Ups for 16 second(s) 
20:13:25.556 INFO  Rest for 19 second(s) 
20:13:25.556 INFO  Squat Jumps for 16 second(s) 
20:13:25.556 INFO  Rest for 19 second(s) 
20:13:25.556 INFO  Pull Ups for 16 second(s) 
20:13:25.556 INFO  Rest for 19 second(s) 
20:13:25.556 INFO  Squat Jumps for 16 second(s) 
20:13:25.556 INFO  Rest for 19 second(s) 
20:13:25.556 INFO  Pull Ups for 16 second(s) 
20:13:25.556 INFO  Rest for 19 second(s) 
20:13:25.556 INFO  Box Planks for 30 second(s) 
20:13:25.556 INFO  Rest for 19 second(s) 
20:13:25.556 INFO  Push Ups for 16 second(s) 
20:13:25.556 INFO  Rest for 19 second(s) 
20:13:25.556 INFO  Box Planks for 30 second(s) 
20:13:25.556 INFO  Rest for 19 second(s) 
20:13:25.556 INFO  Push Ups for 16 second(s) 
20:13:25.556 INFO  Rest for 19 second(s) 
20:13:25.556 INFO  Box Planks for 30 second(s) 
20:13:25.557 INFO  Rest for 19 second(s) 
20:13:25.557 INFO  Push Ups for 16 second(s) 
20:13:25.557 INFO  Rest for 19 second(s) 
20:13:25.557 INFO   
