21:07:05.234 INFO  Delay for 30 second(s) 
21:07:05.234 INFO  Calves 15 for 10 second(s) 
21:07:05.234 INFO  Rest for 30 second(s) 
21:07:05.234 INFO  Calves 14 for 10 second(s) 
21:07:05.234 INFO  Rest for 30 second(s) 
21:07:05.234 INFO  Curls 10 for 10 second(s) 
21:07:05.234 INFO  Rest for 30 second(s) 
21:07:05.235 INFO  Curls 9 for 10 second(s) 
21:07:05.235 INFO  Rest for 30 second(s) 
21:07:05.235 INFO  Squat 9 for 10 second(s) 
21:07:05.235 INFO  Rest for 30 second(s) 
21:07:05.235 INFO  Squat 10 for 10 second(s) 
21:07:05.235 INFO  Rest for 30 second(s) 
21:07:05.235 INFO  Seated Press 10 for 10 second(s) 
21:07:05.235 INFO  Rest for 30 second(s) 
21:07:05.235 INFO  Seated Press 11 for 10 second(s) 
21:07:05.235 INFO  Rest for 30 second(s) 
21:07:05.235 INFO  Rows 6 for 10 second(s) 
21:07:05.235 INFO  Rest for 30 second(s) 
21:07:05.235 INFO  Rows 5 for 10 second(s) 
21:07:05.235 INFO  Rest for 30 second(s) 
21:07:05.235 INFO  Pushups 4 for 10 second(s) 
21:07:05.236 INFO  Rest for 30 second(s) 
21:07:05.236 INFO  Pushups 3 for 10 second(s) 
21:07:05.236 INFO  Rest for 30 second(s) 
21:07:05.236 INFO  DeadLifts 3 for 10 second(s) 
21:07:05.236 INFO  Rest for 30 second(s) 
21:07:05.236 INFO  DeadLifts 2 for 10 second(s) 
21:07:05.236 INFO  Rest for 30 second(s) 
21:07:05.236 INFO  Bullworker front  for 10 second(s) 
21:07:05.236 INFO  Rest for 30 second(s) 
21:07:05.236 INFO  Bullworker right  for 10 second(s) 
21:07:05.236 INFO  Rest for 30 second(s) 
21:07:05.236 INFO  Bullworker left  for 10 second(s) 
21:07:05.236 INFO   
