22:06:45.472 INFO  Delay for 30 second(s) 
22:06:45.472 INFO  Squat Jumps for 15 second(s) 
22:06:45.473 INFO  Rest for 15 second(s) 
22:06:45.473 INFO  Push Ups for 15 second(s) 
22:06:45.473 INFO  Rest for 15 second(s) 
22:06:45.473 INFO  Pull Ups for 15 second(s) 
22:06:45.473 INFO  Rest for 15 second(s) 
22:06:45.473 INFO  Burpees for 15 second(s) 
22:06:45.473 INFO  Rest for 15 second(s) 
22:06:45.473 INFO  Situps for 15 second(s) 
22:06:45.473 INFO  Rest for 15 second(s) 
22:06:45.473 INFO  Squat Jumps for 15 second(s) 
22:06:45.473 INFO  Rest for 15 second(s) 
22:06:45.473 INFO  Push Ups for 15 second(s) 
22:06:45.473 INFO  Rest for 15 second(s) 
22:06:45.473 INFO  Pull Ups for 15 second(s) 
22:06:45.473 INFO  Rest for 15 second(s) 
22:06:45.473 INFO  Burpees for 15 second(s) 
22:06:45.473 INFO  Rest for 15 second(s) 
22:06:45.473 INFO  Situps for 15 second(s) 
22:06:45.473 INFO  Rest for 15 second(s) 
22:06:45.474 INFO  Squat Jumps for 15 second(s) 
22:06:45.474 INFO  Rest for 15 second(s) 
22:06:45.474 INFO  Push Ups for 15 second(s) 
22:06:45.474 INFO  Rest for 15 second(s) 
22:06:45.474 INFO  Pull Ups for 15 second(s) 
22:06:45.474 INFO  Rest for 15 second(s) 
22:06:45.474 INFO  Burpees for 15 second(s) 
22:06:45.474 INFO  Rest for 15 second(s) 
22:06:45.474 INFO  Situps for 15 second(s) 
22:06:45.474 INFO  Rest for 15 second(s) 
22:06:45.474 INFO   
