20:31:31.006 INFO  Delay for 30 second(s) 
20:31:31.006 INFO  Squat Jumps for 15 second(s) 
20:31:31.007 INFO  Rest for 15 second(s) 
20:31:31.007 INFO  Push Ups for 15 second(s) 
20:31:31.007 INFO  Rest for 15 second(s) 
20:31:31.007 INFO  Pull Ups for 15 second(s) 
20:31:31.007 INFO  Rest for 15 second(s) 
20:31:31.007 INFO  Burpees for 15 second(s) 
20:31:31.007 INFO  Rest for 15 second(s) 
20:31:31.007 INFO  Situps for 15 second(s) 
20:31:31.007 INFO  Rest for 15 second(s) 
20:31:31.008 INFO  Squat Jumps for 15 second(s) 
20:31:31.008 INFO  Rest for 15 second(s) 
20:31:31.008 INFO  Push Ups for 15 second(s) 
20:31:31.008 INFO  Rest for 15 second(s) 
20:31:31.008 INFO  Pull Ups for 15 second(s) 
20:31:31.008 INFO  Rest for 15 second(s) 
20:31:31.008 INFO  Burpees for 15 second(s) 
20:31:31.008 INFO  Rest for 15 second(s) 
20:31:31.008 INFO  Situps for 15 second(s) 
20:31:31.008 INFO  Rest for 15 second(s) 
20:31:31.008 INFO  Squat Jumps for 15 second(s) 
20:31:31.008 INFO  Rest for 15 second(s) 
20:31:31.008 INFO  Push Ups for 15 second(s) 
20:31:31.008 INFO  Rest for 15 second(s) 
20:31:31.008 INFO  Pull Ups for 15 second(s) 
20:31:31.008 INFO  Rest for 15 second(s) 
20:31:31.008 INFO  Burpees for 15 second(s) 
20:31:31.008 INFO  Rest for 15 second(s) 
20:31:31.008 INFO  Situps for 15 second(s) 
20:31:31.008 INFO  Rest for 15 second(s) 
20:31:31.009 INFO   
