21:05:29.912 INFO  Delay for 30 second(s) 
21:05:29.912 INFO  Landmine Thrusters 50 lbs for 15 second(s) 
21:05:29.912 INFO  Rest for 20 second(s) 
21:05:29.912 INFO  Hang Situps for 15 second(s) 
21:05:29.912 INFO  Rest for 20 second(s) 
21:05:29.913 INFO  Landmine Thrusters 50 lbs for 15 second(s) 
21:05:29.913 INFO  Rest for 20 second(s) 
21:05:29.913 INFO  Hang Situps for 15 second(s) 
21:05:29.913 INFO  Rest for 20 second(s) 
21:05:29.913 INFO  Landmine Thrusters 50 lbs for 15 second(s) 
21:05:29.913 INFO  Rest for 20 second(s) 
21:05:29.913 INFO  Hang Situps for 15 second(s) 
21:05:29.913 INFO  Rest for 20 second(s) 
21:05:29.913 INFO  Squat Jumps for 15 second(s) 
21:05:29.913 INFO  Rest for 20 second(s) 
21:05:29.913 INFO  Pull Ups for 15 second(s) 
21:05:29.913 INFO  Rest for 20 second(s) 
21:05:29.913 INFO  Squat Jumps for 15 second(s) 
21:05:29.913 INFO  Rest for 20 second(s) 
21:05:29.913 INFO  Pull Ups for 15 second(s) 
21:05:29.913 INFO  Rest for 20 second(s) 
21:05:29.913 INFO  Squat Jumps for 15 second(s) 
21:05:29.913 INFO  Rest for 20 second(s) 
21:05:29.913 INFO  Pull Ups for 15 second(s) 
21:05:29.913 INFO  Rest for 20 second(s) 
21:05:29.913 INFO  Kb Swing 45 lbs for 15 second(s) 
21:05:29.913 INFO  Rest for 20 second(s) 
21:05:29.913 INFO  Push Ups for 15 second(s) 
21:05:29.913 INFO  Rest for 20 second(s) 
21:05:29.913 INFO  Kb Swing 45 lbs for 15 second(s) 
21:05:29.913 INFO  Rest for 20 second(s) 
21:05:29.913 INFO  Push Ups for 15 second(s) 
21:05:29.913 INFO  Rest for 20 second(s) 
21:05:29.913 INFO  Kb Swing 45 lbs for 15 second(s) 
21:05:29.914 INFO  Rest for 20 second(s) 
21:05:29.914 INFO  Push Ups for 15 second(s) 
21:05:29.914 INFO  Rest for 20 second(s) 
21:05:29.914 INFO   
