21:39:09.805 INFO  Delay for 30 second(s) 
21:39:09.805 INFO  Jumping Jacks 1 for 10 second(s) 
21:39:09.805 INFO  Rest for 18 second(s) 
21:39:09.805 INFO  Jumping Jacks 2 for 10 second(s) 
21:39:09.805 INFO  Rest for 18 second(s) 
21:39:09.805 INFO  Jumping Jacks 3 for 10 second(s) 
21:39:09.805 INFO  Rest for 18 second(s) 
21:39:09.805 INFO  Pushups 1 for 10 second(s) 
21:39:09.805 INFO  Rest for 18 second(s) 
21:39:09.805 INFO  Pushups 2 for 10 second(s) 
21:39:09.805 INFO  Rest for 18 second(s) 
21:39:09.806 INFO  Pushups 3 for 10 second(s) 
21:39:09.806 INFO  Rest for 18 second(s) 
21:39:09.806 INFO  Situps 1 for 10 second(s) 
21:39:09.806 INFO  Rest for 18 second(s) 
21:39:09.806 INFO  Situps 2 for 10 second(s) 
21:39:09.806 INFO  Rest for 18 second(s) 
21:39:09.806 INFO  Situps 3 for 10 second(s) 
21:39:09.806 INFO  Rest for 18 second(s) 
21:39:09.806 INFO  Air Squats 1 for 10 second(s) 
21:39:09.806 INFO  Rest for 18 second(s) 
21:39:09.806 INFO  Air Squats 2 for 10 second(s) 
21:39:09.806 INFO  Rest for 18 second(s) 
21:39:09.806 INFO  Air Squats 3 for 10 second(s) 
21:39:09.806 INFO  Rest for 18 second(s) 
21:39:09.806 INFO  Mountain Climbers Inside 1 for 10 second(s) 
21:39:09.806 INFO  Rest for 18 second(s) 
21:39:09.806 INFO  Mountain Climbers Inside 2 for 10 second(s) 
21:39:09.806 INFO  Rest for 18 second(s) 
21:39:09.806 INFO  Mountain Climbers Inside 3 for 10 second(s) 
21:39:09.806 INFO  Rest for 18 second(s) 
21:39:09.806 INFO  Close Grip Pushups 1 for 10 second(s) 
21:39:09.806 INFO  Rest for 18 second(s) 
21:39:09.806 INFO  Close Grip Pushups 2 for 10 second(s) 
21:39:09.806 INFO  Rest for 18 second(s) 
21:39:09.806 INFO  Close Grip Pushups 3 for 10 second(s) 
21:39:09.806 INFO  Rest for 18 second(s) 
21:39:09.806 INFO  Kettlebell Swings 1 for 10 second(s) 
21:39:09.806 INFO  Rest for 18 second(s) 
21:39:09.806 INFO  Kettlebell Swings 2 for 10 second(s) 
21:39:09.806 INFO  Rest for 18 second(s) 
21:39:09.806 INFO  Kettlebell Swings 3 for 10 second(s) 
21:39:09.806 INFO  Rest for 18 second(s) 
21:39:09.806 INFO  Squat Jumps 1 for 10 second(s) 
21:39:09.806 INFO  Rest for 18 second(s) 
21:39:09.807 INFO  Squat Jumps 2 for 10 second(s) 
21:39:09.807 INFO  Rest for 18 second(s) 
21:39:09.807 INFO  Squat Jumps 3 for 10 second(s) 
21:39:09.807 INFO  Rest for 18 second(s) 
21:39:09.807 INFO  Bridge Alt Toe Touches 1 for 10 second(s) 
21:39:09.807 INFO  Rest for 18 second(s) 
21:39:09.807 INFO  Bridge Alt Toe Touches 2 for 10 second(s) 
21:39:09.807 INFO  Rest for 18 second(s) 
21:39:09.807 INFO  Bridge Alt Toe Touches 3 for 10 second(s) 
21:39:09.807 INFO  Rest for 18 second(s) 
21:39:09.807 INFO  Burpees 1 for 10 second(s) 
21:39:09.807 INFO  Rest for 18 second(s) 
21:39:09.807 INFO  Burpees 2 for 10 second(s) 
21:39:09.807 INFO  Rest for 18 second(s) 
21:39:09.807 INFO  Burpees 3 for 10 second(s) 
21:39:09.807 INFO   
