20:35:57.670 INFO  Delay for 30 second(s) 
20:35:57.670 INFO  High Plank for 30 second(s) 
20:35:57.670 INFO  Rest for 10 second(s) 
20:35:57.670 INFO  Boat for 30 second(s) 
20:35:57.670 INFO  Rest for 10 second(s) 
20:35:57.671 INFO  Warrior Right for 30 second(s) 
20:35:57.671 INFO  Rest for 10 second(s) 
20:35:57.671 INFO  Warrior Left for 30 second(s) 
20:35:57.671 INFO  Rest for 10 second(s) 
20:35:57.671 INFO  Side Plank Right for 30 second(s) 
20:35:57.671 INFO  Rest for 10 second(s) 
20:35:57.671 INFO  Side Plank Left for 30 second(s) 
20:35:57.671 INFO  Rest for 10 second(s) 
20:35:57.671 INFO  High Plank for 30 second(s) 
20:35:57.671 INFO  Rest for 10 second(s) 
20:35:57.671 INFO  Boat for 30 second(s) 
20:35:57.671 INFO  Rest for 10 second(s) 
20:35:57.671 INFO  Warrior Right for 30 second(s) 
20:35:57.671 INFO  Rest for 10 second(s) 
20:35:57.671 INFO  Warrior Left for 30 second(s) 
20:35:57.671 INFO  Rest for 10 second(s) 
20:35:57.671 INFO  Side Plank Right for 30 second(s) 
20:35:57.671 INFO  Rest for 10 second(s) 
20:35:57.671 INFO  Side Plank Left for 30 second(s) 
20:35:57.671 INFO  Rest for 10 second(s) 
20:35:57.671 INFO   
